<?xml version="1.0" encoding="UTF-8"?>
<!-- Generated by org.testng.reporters.JUnitReportReporter -->
<testsuite hostname="Faruks-MBP.lan" failures="0" tests="2" name="hyrtutorials.task_1" time="23.683" errors="0" timestamp="2022-12-22T18:26:00 EST" skipped="0">
  <testcase classname="hyrtutorials.task_1" name="f" time="9.623"/>
  <system-out/>
  <testcase classname="hyrtutorials.task_1" name="test2" time="14.060"/>
  <system-out/>
</testsuite> <!-- hyrtutorials.task_1 -->
