<?xml version="1.0" encoding="UTF-8"?>
<!-- Generated by org.testng.reporters.JUnitReportReporter -->
<testsuite hostname="Faruks-MBP.lan" failures="0" tests="1" name="utilitiespack.utilities" time="0.009" errors="0" timestamp="2022-12-22T18:07:59 EST" skipped="0">
  <testcase classname="utilitiespack.utilities" name="f" time="0.009"/>
  <system-out/>
</testsuite> <!-- utilitiespack.utilities -->
