<?xml version="1.0" encoding="UTF-8"?>
<!-- Generated by org.testng.reporters.JUnitReportReporter -->
<testsuite hostname="Faruks-MBP.lan" failures="0" tests="1" name="hyrtutorials.task_2" time="18.167" errors="0" timestamp="2022-12-24T21:33:02 EST" skipped="0">
  <testcase classname="hyrtutorials.task_2" name="f" time="18.167"/>
  <system-out/>
</testsuite> <!-- hyrtutorials.task_2 -->
